<?xml version="1.0" encoding="UTF-8"?>
<!-- Generated by org.testng.reporters.JUnitXMLReporter -->
<testsuite ignored="0" hostname="DESKTOP-G8S81C8" failures="0" tests="4" name="Default test" time="0.057" errors="0" timestamp="2021-10-12T22:58:18 IST">
  <testcase classname="com.core.testTestng.AttributeParameterTest" name="testcase3" time="0.009"/>
  <testcase classname="com.core.testTestng.AttributeParameterTest" name="testcase" time="0.002"/>
  <testcase classname="com.core.testTestng.AttributeParameterTest" name="testcase1" time="0.001"/>
  <testcase classname="com.core.testTestng.AttributeParameterTest" name="testcase2" time="0.001"/>
</testsuite> <!-- Default test -->
