<?xml version="1.0" encoding="UTF-8"?>
<!-- Generated by org.testng.reporters.JUnitXMLReporter -->
<testsuite ignored="0" hostname="DESKTOP-G8S81C8" failures="0" tests="3" name="BeforeTest" time="0.057" errors="0" timestamp="2021-10-12T19:16:27 IST">
  <testcase classname="com.core.testTestng.BeforeTestAnn" name="EnterCred" time="0.005"/>
  <testcase classname="com.core.testTestng.BeforeTestAnn" name="VerifyLoginScreen" time="0.001"/>
  <testcase classname="com.core.testTestng.BeforeTestAnn" name="clickLogin" time="0.002"/>
</testsuite> <!-- BeforeTest -->
