<?xml version="1.0" encoding="UTF-8"?>
<!-- Generated by org.testng.reporters.JUnitXMLReporter -->
<testsuite ignored="6" hostname="DESKTOP-G8S81C8" failures="0" tests="2" name="Test" time="0.047" errors="0" timestamp="2021-10-12T17:24:35 IST">
  <testcase classname="com.core.testTestng.GroupingTest" name="teacher" time="0.008"/>
  <testcase classname="com.core.testTestng.GroupingTest2" name="teacher" time="0.001"/>
  <testcase classname="com.core.testTestng.GroupingTest" name="student3" time="0.0">
    <ignored/>
  </testcase> <!-- student3 -->
  <testcase classname="com.core.testTestng.GroupingTest2" name="student2" time="0.0">
    <ignored/>
  </testcase> <!-- student2 -->
  <testcase classname="com.core.testTestng.GroupingTest2" name="student1" time="0.0">
    <ignored/>
  </testcase> <!-- student1 -->
  <testcase classname="com.core.testTestng.GroupingTest" name="student2" time="0.0">
    <ignored/>
  </testcase> <!-- student2 -->
  <testcase classname="com.core.testTestng.GroupingTest" name="student1" time="0.0">
    <ignored/>
  </testcase> <!-- student1 -->
  <testcase classname="com.core.testTestng.GroupingTest2" name="student3" time="0.0">
    <ignored/>
  </testcase> <!-- student3 -->
</testsuite> <!-- Test -->
