<?xml version="1.0" encoding="UTF-8"?>
<!-- Generated by org.testng.reporters.JUnitXMLReporter -->
<testsuite ignored="0" hostname="DESKTOP-G8S81C8" failures="0" tests="3" name="Test" time="0.051" errors="0" timestamp="2021-10-12T18:12:28 IST">
  <testcase classname="com.core.testTestng.simpleTest" name="helloWorld" time="0.008"/>
  <testcase classname="com.core.testTestng.simpleTest" name="helloworld2" time="0.002"/>
  <testcase classname="com.core.testTestng.SimpleTest2" name="test" time="0.001"/>
</testsuite> <!-- Test -->
