<?xml version="1.0" encoding="UTF-8"?>
<testng-results ignored="0" total="4" passed="4" failed="0" skipped="0">
  <reporter-output>
  </reporter-output>
  <suite started-at="2021-10-12T22:58:18 IST" name="Default suite" finished-at="2021-10-12T22:58:18 IST" duration-ms="57">
    <groups>
    </groups>
    <test started-at="2021-10-12T22:58:18 IST" name="Default test" finished-at="2021-10-12T22:58:18 IST" duration-ms="57">
      <class name="com.core.testTestng.AttributeParameterTest">
        <test-method signature="testcase3()[pri:-50, instance:com.core.testTestng.AttributeParameterTest@4445629]" started-at="2021-10-12T22:58:18 IST" name="testcase3" finished-at="2021-10-12T22:58:18 IST" duration-ms="9" status="PASS">
          <reporter-output>
          </reporter-output>
        </test-method> <!-- testcase3 -->
        <test-method signature="testcase()[pri:0, instance:com.core.testTestng.AttributeParameterTest@4445629]" started-at="2021-10-12T22:58:18 IST" name="testcase" finished-at="2021-10-12T22:58:18 IST" duration-ms="2" status="PASS">
          <reporter-output>
          </reporter-output>
        </test-method> <!-- testcase -->
        <test-method signature="testcase1()[pri:0, instance:com.core.testTestng.AttributeParameterTest@4445629]" started-at="2021-10-12T22:58:18 IST" name="testcase1" finished-at="2021-10-12T22:58:18 IST" duration-ms="1" status="PASS">
          <reporter-output>
          </reporter-output>
        </test-method> <!-- testcase1 -->
        <test-method signature="testcase2()[pri:2, instance:com.core.testTestng.AttributeParameterTest@4445629]" started-at="2021-10-12T22:58:18 IST" name="testcase2" finished-at="2021-10-12T22:58:18 IST" duration-ms="1" status="PASS">
          <reporter-output>
          </reporter-output>
        </test-method> <!-- testcase2 -->
      </class> <!-- com.core.testTestng.AttributeParameterTest -->
    </test> <!-- Default test -->
  </suite> <!-- Default suite -->
</testng-results>
